<?xml version="1.0" encoding="UTF-8"?>
<!-- Generated by org.testng.reporters.JUnitReportReporter -->
<testsuite hostname="user" failures="0" tests="1" name="SBA.axisbankAssign.AppTest" time="45.356" errors="0" timestamp="2021-07-31T16:05:44 IST" skipped="0">
  <testcase classname="SBA.axisbankAssign.AppTest" name="testFunction" time="45.356"/>
  <system-out/>
</testsuite> <!-- SBA.axisbankAssign.AppTest -->
