<?xml version="1.0" encoding="UTF-8"?>
<!-- Generated by org.testng.reporters.JUnitReportReporter -->
<testsuite hostname="DESKTOP-H5M82PR" failures="0" tests="5" name="testng.firsttestng" time="0.067" errors="0" timestamp="2024-02-22T18:36:59 CST" skipped="0">
  <testcase classname="testng.firsttestng" name="testngdemo3" time="0.005"/>
  <system-out/>
  <testcase classname="testng.firsttestng" name="testngdemo1" time="0.025"/>
  <system-out/>
  <testcase classname="testng.firsttestng" name="testngdemo5" time="0.011"/>
  <system-out/>
  <testcase classname="testng.firsttestng" name="testngdemo2" time="0.009"/>
  <system-out/>
  <testcase classname="testng.firsttestng" name="testngdemo4" time="0.017"/>
  <system-out/>
</testsuite> <!-- testng.firsttestng -->
