<?xml version="1.0" encoding="UTF-8"?>
<!-- Generated by org.testng.reporters.JUnitReportReporter -->
<testsuite hostname="DESKTOP-H5M82PR" failures="0" tests="4" name="testng.parameterdemo" time="22.330" errors="0" timestamp="2024-02-22T08:27:55 CST" skipped="0">
  <testcase classname="testng.parameterdemo" name="test1" time="9.251"/>
  <system-out/>
  <testcase classname="testng.parameterdemo" name="test2" time="6.211"/>
  <system-out/>
  <testcase classname="testng.parameterdemo" name="test2" time="0.131"/>
  <system-out/>
  <testcase classname="testng.parameterdemo" name="test3" time="6.737"/>
  <system-out/>
</testsuite> <!-- testng.parameterdemo -->
