<?xml version="1.0" encoding="UTF-8"?>
<!-- Generated by org.testng.reporters.JUnitReportReporter -->
<testsuite hostname="DESKTOP-H5M82PR" failures="0" tests="1" name="testng.demo11" time="2.233" errors="0" timestamp="2023-11-23T09:21:17 EST" skipped="0">
  <testcase classname="testng.demo11" name="test11" time="2.233"/>
  <system-out/>
</testsuite> <!-- testng.demo11 -->
