<?xml version="1.0" encoding="UTF-8"?>
<!-- Generated by org.testng.reporters.JUnitReportReporter -->
<testsuite hostname="DESKTOP-H5M82PR" failures="0" tests="5" name="testng.firsttestng" time="0.066" errors="0" timestamp="2024-02-08T09:19:43 CST" skipped="0">
  <testcase classname="testng.firsttestng" name="testngdemo3" time="0.022"/>
  <system-out/>
  <testcase classname="testng.firsttestng" name="testngdemo1" time="0.020"/>
  <system-out/>
  <testcase classname="testng.firsttestng" name="testngdemo5" time="0.003"/>
  <system-out/>
  <testcase classname="testng.firsttestng" name="testngdemo2" time="0.012"/>
  <system-out/>
  <testcase classname="testng.firsttestng" name="testngdemo4" time="0.009"/>
  <system-out/>
</testsuite> <!-- testng.firsttestng -->
