<?xml version="1.0" encoding="UTF-8"?>
<!-- Generated by org.testng.reporters.JUnitReportReporter -->
<testsuite hostname="DESKTOP-H5M82PR" failures="0" tests="4" name="testng.dummy" time="30.949" errors="0" timestamp="2024-01-24T04:42:14 CST" skipped="0">
  <testcase classname="testng.dummy" name="test1" time="3.165"/>
  <system-out/>
  <testcase classname="testng.dummy" name="EnterLoginDetail" time="26.705"/>
  <system-out/>
  <testcase classname="testng.dummy" name="navigateToDemos" time="0.461"/>
  <system-out/>
  <testcase classname="testng.dummy" name="verifyLogo" time="0.618"/>
  <system-out/>
</testsuite> <!-- testng.dummy -->
