<?xml version="1.0" encoding="UTF-8"?>
<!-- Generated by org.testng.reporters.JUnitReportReporter -->
<testsuite hostname="DESKTOP-H5M82PR" failures="0" tests="1" name="parameters.mulparameters" time="0.003" errors="0" timestamp="2023-04-24T05:20:53 CDT" skipped="0">
  <testcase classname="parameters.mulparameters" name="mul" time="0.003"/>
  <system-out/>
</testsuite> <!-- parameters.mulparameters -->
