<?xml version="1.0" encoding="UTF-8"?>
<!-- Generated by org.testng.reporters.JUnitReportReporter -->
<testsuite hostname="DESKTOP-H5M82PR" failures="0" tests="2" name="testng.screenshort" time="1.094" errors="0" timestamp="2024-02-10T12:46:01 CST" skipped="0">
  <testcase classname="testng.screenshort" name="ss" time="0.296"/>
  <system-out/>
  <testcase classname="testng.screenshort" name="testas" time="0.798"/>
  <system-out/>
</testsuite> <!-- testng.screenshort -->
