<?xml version="1.0" encoding="UTF-8"?>
<!-- Generated by org.testng.reporters.JUnitReportReporter -->
<testsuite hostname="DESKTOP-H5M82PR" failures="0" tests="5" name="testng.firsttestng" time="0.119" errors="0" timestamp="2024-03-01T18:41:20 CST" skipped="0">
  <testcase classname="testng.firsttestng" name="testngdemo3" time="0.009"/>
  <system-out/>
  <testcase classname="testng.firsttestng" name="testngdemo1" time="0.021"/>
  <system-out/>
  <testcase classname="testng.firsttestng" name="testngdemo5" time="0.007"/>
  <system-out/>
  <testcase classname="testng.firsttestng" name="testngdemo2" time="0.076"/>
  <system-out/>
  <testcase classname="testng.firsttestng" name="testngdemo4" time="0.006"/>
  <system-out/>
</testsuite> <!-- testng.firsttestng -->
