<?xml version="1.0" encoding="UTF-8"?>
<!-- Generated by org.testng.reporters.JUnitReportReporter -->
<testsuite hostname="DESKTOP-H5M82PR" failures="0" tests="2" name="amazon.simpleTest" time="64.776" errors="0" timestamp="2023-04-19T06:04:59 CDT" skipped="0">
  <testcase classname="amazon.simpleTest" name="openbrowser" time="63.781"/>
  <system-out/>
  <testcase classname="amazon.simpleTest" name="test1" time="0.995"/>
  <system-out/>
</testsuite> <!-- amazon.simpleTest -->
