<?xml version="1.0" encoding="UTF-8"?>
<!-- Generated by org.testng.reporters.JUnitReportReporter -->
<testsuite hostname="DESKTOP-H5M82PR" failures="0" tests="2" name="testng.dragdrop" time="8.971" errors="0" timestamp="2024-02-06T09:09:43 CST" skipped="0">
  <testcase classname="testng.dragdrop" name="mouseover" time="4.222"/>
  <system-out/>
  <testcase classname="testng.dragdrop" name="drdp" time="4.749"/>
  <system-out/>
</testsuite> <!-- testng.dragdrop -->
