<?xml version="1.0" encoding="UTF-8"?>
<!-- Generated by org.testng.reporters.JUnitReportReporter -->
<testsuite hostname="DESKTOP-H5M82PR" failures="0" tests="4" name="testng.parameterdemo" time="64.848" errors="0" timestamp="2024-03-14T08:30:41 CDT" skipped="0">
  <testcase classname="testng.parameterdemo" name="test1" time="25.329"/>
  <system-out/>
  <testcase classname="testng.parameterdemo" name="test2" time="0.029"/>
  <system-out/>
  <testcase classname="testng.parameterdemo" name="test2" time="35.318"/>
  <system-out/>
  <testcase classname="testng.parameterdemo" name="test3" time="4.172"/>
  <system-out/>
</testsuite> <!-- testng.parameterdemo -->
