<?xml version="1.0" encoding="UTF-8"?>
<!-- Generated by org.testng.reporters.JUnitReportReporter -->
<testsuite hostname="DESKTOP-H5M82PR" failures="0" tests="2" name="testng.ssUseMethod" time="0.400" errors="0" timestamp="2023-10-04T21:42:05 CDT" skipped="0">
  <testcase classname="testng.ssUseMethod" name="ss2" time="0.154"/>
  <system-out/>
  <testcase classname="testng.ssUseMethod" name="ss" time="0.246"/>
  <system-out/>
</testsuite> <!-- testng.ssUseMethod -->
