<?xml version="1.0" encoding="UTF-8"?>
<!-- Generated by org.testng.reporters.JUnitReportReporter -->
<testsuite hostname="DESKTOP-H5M82PR" failures="0" tests="2" name="shopify.simpleTest" time="24.630" errors="0" timestamp="2023-05-08T12:54:15 CDT" skipped="0">
  <testcase classname="shopify.simpleTest" name="test1" time="10.414"/>
  <system-out/>
  <testcase classname="shopify.simpleTest" name="openbrowser" time="14.216"/>
  <system-out/>
</testsuite> <!-- shopify.simpleTest -->
