<?xml version="1.0" encoding="UTF-8"?>
<!-- Generated by org.testng.reporters.JUnitReportReporter -->
<testsuite hostname="DESKTOP-H5M82PR" failures="0" tests="1" name="testng.test1" time="0.000" errors="0" timestamp="2023-08-24T19:33:37 CDT" skipped="1">
  <testcase classname="testng.test1" name="mail" time="0.000">
    <skipped/>
  </testcase> <!-- mail -->
  <system-out/>
</testsuite> <!-- testng.test1 -->
