<?xml version="1.0" encoding="UTF-8"?>
<!-- Generated by org.testng.reporters.JUnitReportReporter -->
<testsuite hostname="DESKTOP-H5M82PR" failures="0" tests="4" name="testng.grouping" time="0.060" errors="0" timestamp="2024-02-07T09:34:20 CST" skipped="0">
  <testcase classname="testng.grouping" name="test1" time="0.029"/>
  <system-out/>
  <testcase classname="testng.grouping" name="testMethod1" time="0.005"/>
  <system-out/>
  <testcase classname="testng.grouping" name="test5" time="0.006"/>
  <system-out/>
  <testcase classname="testng.grouping" name="test2" time="0.020"/>
  <system-out/>
</testsuite> <!-- testng.grouping -->
