<?xml version="1.0" encoding="UTF-8"?>
<!-- Generated by org.testng.reporters.JUnitReportReporter -->
<testsuite hostname="DESKTOP-H5M82PR" failures="0" tests="1" name="testng.sample2" time="0.033" errors="0" timestamp="2024-02-10T11:54:35 CST" skipped="0">
  <testcase classname="testng.sample2" name="test1" time="0.033"/>
  <system-out/>
</testsuite> <!-- testng.sample2 -->
