<?xml version="1.0" encoding="UTF-8"?>
<!-- Generated by org.testng.reporters.JUnitReportReporter -->
<testsuite hostname="DESKTOP-H5M82PR" failures="0" tests="1" name="testng.Context" time="0.256" errors="0" timestamp="2024-01-07T08:26:40 CST" skipped="0">
  <testcase classname="testng.Context" name="rightclick" time="0.256"/>
  <system-out/>
</testsuite> <!-- testng.Context -->
