<?xml version="1.0" encoding="UTF-8"?>
<!-- Generated by org.testng.reporters.JUnitReportReporter -->
<testsuite hostname="DESKTOP-H5M82PR" failures="0" tests="1" name="testng.click" time="4.408" errors="0" timestamp="2024-01-13T09:23:26 CST" skipped="0">
  <testcase classname="testng.click" name="test11" time="4.408"/>
  <system-out/>
</testsuite> <!-- testng.click -->
