<?xml version="1.0" encoding="UTF-8"?>
<!-- Generated by org.testng.reporters.JUnitReportReporter -->
<testsuite hostname="DESKTOP-H5M82PR" failures="0" tests="4" name="testng.parameterdemo" time="6.548" errors="0" timestamp="2024-01-09T08:47:03 CST" skipped="0">
  <testcase classname="testng.parameterdemo" name="test1" time="2.199"/>
  <system-out/>
  <testcase classname="testng.parameterdemo" name="test3" time="1.727"/>
  <system-out/>
  <testcase classname="testng.parameterdemo" name="test2" time="2.594"/>
  <system-out/>
  <testcase classname="testng.parameterdemo" name="test2" time="0.028"/>
  <system-out/>
</testsuite> <!-- testng.parameterdemo -->
