<?xml version="1.0" encoding="UTF-8"?>
<!-- Generated by org.testng.reporters.JUnitReportReporter -->
<testsuite hostname="DESKTOP-H5M82PR" failures="0" tests="2" name="testng.test12" time="0.550" errors="0" timestamp="2024-03-05T09:47:56 CST" skipped="0">
  <testcase classname="testng.test12" name="username" time="0.145"/>
  <system-out/>
  <testcase classname="testng.test12" name="password" time="0.405"/>
  <system-out/>
</testsuite> <!-- testng.test12 -->
