<?xml version="1.0" encoding="UTF-8"?>
<!-- Generated by org.testng.reporters.JUnitReportReporter -->
<testsuite hostname="DESKTOP-H5M82PR" failures="0" tests="5" name="testng.sample1" time="0.028" errors="0" timestamp="2023-11-21T09:30:30 EST" skipped="0">
  <testcase classname="testng.sample1" name="demo2" time="0.002"/>
  <system-out/>
  <testcase classname="testng.sample1" name="demo3" time="0.006"/>
  <system-out/>
  <testcase classname="testng.sample1" name="demo5" time="0.002"/>
  <system-out/>
  <testcase classname="testng.sample1" name="demo1" time="0.015"/>
  <system-out/>
  <testcase classname="testng.sample1" name="demo4" time="0.003"/>
  <system-out/>
</testsuite> <!-- testng.sample1 -->
