<?xml version="1.0" encoding="UTF-8"?>
<!-- Generated by org.testng.reporters.JUnitReportReporter -->
<testsuite hostname="DESKTOP-H5M82PR" failures="0" tests="2" name="testng.dragdrop" time="8.988" errors="0" timestamp="2024-02-10T12:41:42 CST" skipped="0">
  <testcase classname="testng.dragdrop" name="drdp" time="4.577"/>
  <system-out/>
  <testcase classname="testng.dragdrop" name="mouseover" time="4.411"/>
  <system-out/>
</testsuite> <!-- testng.dragdrop -->
