<?xml version="1.0" encoding="UTF-8"?>
<!-- Generated by org.testng.reporters.JUnitReportReporter -->
<testsuite hostname="DESKTOP-H5M82PR" failures="0" tests="5" name="testng.demo1" time="0.023" errors="0" timestamp="2023-05-05T07:03:39 CDT" skipped="1">
  <testcase classname="testng.demo1" name="add4" time="0.010"/>
  <system-out/>
  <testcase classname="testng.demo1" name="add" time="0.003"/>
  <system-out/>
  <testcase classname="testng.demo1" name="add2" time="0.004"/>
  <system-out/>
  <testcase classname="testng.demo1" name="add1" time="0.006"/>
  <system-out/>
  <testcase classname="testng.demo1" name="add3">
    <skipped/>
  </testcase> <!-- add3 -->
  <system-out/>
</testsuite> <!-- testng.demo1 -->
