<?xml version="1.0" encoding="UTF-8"?>
<!-- Generated by org.testng.reporters.JUnitReportReporter -->
<testsuite hostname="DESKTOP-H5M82PR" failures="0" tests="4" name="testng.prioritytc" time="0.082" errors="0" timestamp="2023-11-29T08:18:24 EST" skipped="1">
  <testcase classname="testng.prioritytc" name="testngdemo4" time="0.045"/>
  <system-out/>
  <testcase classname="testng.prioritytc" name="testngdemo3" time="0.027"/>
  <system-out/>
  <testcase classname="testng.prioritytc" name="testngdemo2" time="0.010"/>
  <system-out/>
  <testcase classname="testng.prioritytc" name="testngdemo1">
    <skipped/>
  </testcase> <!-- testngdemo1 -->
  <system-out/>
</testsuite> <!-- testng.prioritytc -->
