<?xml version="1.0" encoding="UTF-8"?>
<!-- Generated by org.testng.reporters.JUnitReportReporter -->
<testsuite hostname="DESKTOP-H5M82PR" failures="0" tests="1" name="Selenium.test12" time="0.224" errors="0" timestamp="2024-01-18T10:09:02 CST" skipped="0">
  <testcase classname="Selenium.test12" name="SearchField" time="0.224"/>
  <system-out/>
</testsuite> <!-- Selenium.test12 -->
