<?xml version="1.0" encoding="UTF-8"?>
<!-- Generated by org.testng.reporters.JUnitReportReporter -->
<testsuite hostname="DESKTOP-H5M82PR" failures="0" tests="4" name="testng.grouping" time="0.038" errors="0" timestamp="2024-03-12T09:45:07 CDT" skipped="0">
  <testcase classname="testng.grouping" name="test1" time="0.025"/>
  <system-out/>
  <testcase classname="testng.grouping" name="testMethod2" time="0.002"/>
  <system-out/>
  <testcase classname="testng.grouping" name="test4" time="0.003"/>
  <system-out/>
  <testcase classname="testng.grouping" name="test3" time="0.008"/>
  <system-out/>
</testsuite> <!-- testng.grouping -->
