<?xml version="1.0" encoding="UTF-8"?>
<!-- Generated by org.testng.reporters.JUnitReportReporter -->
<testsuite hostname="DESKTOP-H5M82PR" failures="0" tests="4" name="testng.sample1" time="0.065" errors="0" timestamp="2024-02-21T08:20:27 CST" skipped="0">
  <testcase classname="testng.sample1" name="test3" time="0.011"/>
  <system-out/>
  <testcase classname="testng.sample1" name="test4" time="0.016"/>
  <system-out/>
  <testcase classname="testng.sample1" name="test1" time="0.024"/>
  <system-out/>
  <testcase classname="testng.sample1" name="test2" time="0.014"/>
  <system-out/>
</testsuite> <!-- testng.sample1 -->
