<?xml version="1.0" encoding="UTF-8"?>
<!-- Generated by org.testng.reporters.JUnitReportReporter -->
<testsuite hostname="DESKTOP-H5M82PR" failures="0" tests="1" name="testng.wschoolEMWaits" time="0.000" errors="0" timestamp="2023-08-24T19:33:37 CDT" skipped="1">
  <testcase classname="testng.wschoolEMWaits" name="test" time="0.000">
    <skipped/>
  </testcase> <!-- test -->
  <system-out/>
</testsuite> <!-- testng.wschoolEMWaits -->
