<?xml version="1.0" encoding="UTF-8"?>
<!-- Generated by org.testng.reporters.JUnitReportReporter -->
<testsuite hostname="DESKTOP-H5M82PR" failures="0" tests="1" name="testng.dataprovdemo" time="0.320" errors="0" timestamp="2023-04-21T09:32:12 CDT" skipped="0">
  <testcase classname="testng.dataprovdemo" name="ss" time="0.320"/>
  <system-out/>
</testsuite> <!-- testng.dataprovdemo -->
