<?xml version="1.0" encoding="UTF-8"?>
<!-- Generated by org.testng.reporters.JUnitReportReporter -->
<testsuite hostname="DESKTOP-H5M82PR" failures="0" tests="7" name="testng.grouping" time="0.076" errors="0" timestamp="2024-02-22T18:53:59 CST" skipped="0">
  <testcase classname="testng.grouping" name="test3" time="0.003"/>
  <system-out/>
  <testcase classname="testng.grouping" name="test11" time="0.016"/>
  <system-out/>
  <testcase classname="testng.grouping" name="test12" time="0.002"/>
  <system-out/>
  <testcase classname="testng.grouping" name="test14" time="0.005"/>
  <system-out/>
  <testcase classname="testng.grouping" name="testMethod2" time="0.002"/>
  <system-out/>
  <testcase classname="testng.grouping" name="test4" time="0.002"/>
  <system-out/>
  <testcase classname="testng.grouping" name="test13" time="0.046"/>
  <system-out/>
</testsuite> <!-- testng.grouping -->
