<?xml version="1.0" encoding="UTF-8"?>
<!-- Generated by org.testng.reporters.JUnitReportReporter -->
<testsuite hostname="DESKTOP-H5M82PR" failures="0" tests="2" name="parameters.addparameters" time="0.031" errors="0" timestamp="2023-04-24T05:20:53 CDT" skipped="0">
  <testcase classname="parameters.addparameters" name="Diff" time="0.028"/>
  <system-out/>
  <testcase classname="parameters.addparameters" name="Sum" time="0.003"/>
  <system-out/>
</testsuite> <!-- parameters.addparameters -->
