<?xml version="1.0" encoding="UTF-8"?>
<!-- Generated by org.testng.reporters.JUnitReportReporter -->
<testsuite hostname="DESKTOP-H5M82PR" failures="0" tests="5" name="testng.firsttestng" time="0.074" errors="0" timestamp="2024-02-10T12:44:13 CST" skipped="0">
  <testcase classname="testng.firsttestng" name="testngdemo3" time="0.024"/>
  <system-out/>
  <testcase classname="testng.firsttestng" name="testngdemo1" time="0.020"/>
  <system-out/>
  <testcase classname="testng.firsttestng" name="testngdemo5" time="0.010"/>
  <system-out/>
  <testcase classname="testng.firsttestng" name="testngdemo2" time="0.003"/>
  <system-out/>
  <testcase classname="testng.firsttestng" name="testngdemo4" time="0.017"/>
  <system-out/>
</testsuite> <!-- testng.firsttestng -->
