<?xml version="1.0" encoding="UTF-8"?>
<!-- Generated by org.testng.reporters.JUnitReportReporter -->
<testsuite hostname="DESKTOP-H5M82PR" failures="0" tests="1" name="testng.screenshort" time="0.520" errors="0" timestamp="2024-02-08T10:08:33 CST" skipped="0">
  <testcase classname="testng.screenshort" name="ss" time="0.520"/>
  <system-out/>
</testsuite> <!-- testng.screenshort -->
