<?xml version="1.0" encoding="UTF-8"?>
<!-- Generated by org.testng.reporters.JUnitReportReporter -->
<testsuite hostname="DESKTOP-H5M82PR" failures="0" tests="3" name="testng.sample2" time="0.033" errors="0" timestamp="2024-01-09T08:23:12 CST" skipped="0">
  <testcase classname="testng.sample2" name="add4" time="0.009"/>
  <system-out/>
  <testcase classname="testng.sample2" name="add2" time="0.019"/>
  <system-out/>
  <testcase classname="testng.sample2" name="add3" time="0.005"/>
  <system-out/>
</testsuite> <!-- testng.sample2 -->
