<?xml version="1.0" encoding="UTF-8"?>
<!-- Generated by org.testng.reporters.JUnitReportReporter -->
<testsuite hostname="DESKTOP-H5M82PR" failures="0" tests="1" name="testng.alerthandle" time="8.819" errors="0" timestamp="2024-01-09T08:31:27 CST" skipped="0">
  <testcase classname="testng.alerthandle" name="alerthandles2" time="8.819"/>
  <system-out/>
</testsuite> <!-- testng.alerthandle -->
