<?xml version="1.0" encoding="UTF-8"?>
<!-- Generated by org.testng.reporters.JUnitReportReporter -->
<testsuite hostname="DESKTOP-H5M82PR" failures="0" tests="1" name="SBA.axisbankAssign1.AppTest" time="53.735" errors="0" timestamp="2024-02-02T10:25:54 CST" skipped="0">
  <testcase classname="SBA.axisbankAssign1.AppTest" name="testFunction" time="53.735"/>
  <system-out/>
</testsuite> <!-- SBA.axisbankAssign1.AppTest -->
